<?xml version="1.0" encoding="UTF-8"?>
<testng-results ignored="0" total="1" passed="1" failed="0" skipped="0">
  <reporter-output>
  </reporter-output>
  <suite started-at="2022-07-12T17:11:35 IST" name="SampleTest" finished-at="2022-07-12T17:11:38 IST" duration-ms="3316">
    <groups>
    </groups>
    <test started-at="2022-07-12T17:11:35 IST" name="Command line test" finished-at="2022-07-12T17:11:38 IST" duration-ms="3316">
      <class name="SampleTest">
        <test-method signature="test()[pri:0, instance:SampleTest@7e2d773b]" started-at="2022-07-12T17:11:35 IST" name="test" finished-at="2022-07-12T17:11:38 IST" duration-ms="3291" status="PASS">
          <reporter-output>
          </reporter-output>
        </test-method> <!-- test -->
      </class> <!-- SampleTest -->
    </test> <!-- Command line test -->
  </suite> <!-- SampleTest -->
</testng-results>
